<?xml version="1.0" encoding="UTF-8"?>
<testsuite name="com.kodilla.hibernate.manytomany.dao.CompanyDaoTestSuite" tests="3" skipped="0" failures="0" errors="0" timestamp="2018-06-04T15:13:11" hostname="DESKTOP-SLNKODE" time="0.093">
  <properties/>
  <testcase name="retrieveCompaniesByFirstThreeLetters" classname="com.kodilla.hibernate.manytomany.dao.CompanyDaoTestSuite" time="0.039"/>
  <testcase name="testSaveManyToMany" classname="com.kodilla.hibernate.manytomany.dao.CompanyDaoTestSuite" time="0.022"/>
  <testcase name="testRetrieveEmployeesByName" classname="com.kodilla.hibernate.manytomany.dao.CompanyDaoTestSuite" time="0.031"/>
  <system-out><![CDATA[2018-06-04 17:13:11.389  INFO 13448 --- [    Test worker] .b.t.c.SpringBootTestContextBootstrapper : Neither @ContextConfiguration nor @ContextHierarchy found for test class [com.kodilla.hibernate.manytomany.dao.CompanyDaoTestSuite], using SpringBootContextLoader
2018-06-04 17:13:11.390  INFO 13448 --- [    Test worker] o.s.t.c.support.AbstractContextLoader    : Could not detect default resource locations for test class [com.kodilla.hibernate.manytomany.dao.CompanyDaoTestSuite]: no resource found for suffixes {-context.xml, Context.groovy}.
2018-06-04 17:13:11.390  INFO 13448 --- [    Test worker] t.c.s.AnnotationConfigContextLoaderUtils : Could not detect default configuration classes for test class [com.kodilla.hibernate.manytomany.dao.CompanyDaoTestSuite]: CompanyDaoTestSuite does not declare any static, non-private, non-final, nested classes annotated with @Configuration.
2018-06-04 17:13:11.399  INFO 13448 --- [    Test worker] .b.t.c.SpringBootTestContextBootstrapper : Found @SpringBootConfiguration com.kodilla.hibernate.KodillaHibernateApplication for test class com.kodilla.hibernate.manytomany.dao.CompanyDaoTestSuite
2018-06-04 17:13:11.402  INFO 13448 --- [    Test worker] .b.t.c.SpringBootTestContextBootstrapper : Loaded default TestExecutionListener class names from location [META-INF/spring.factories]: [org.springframework.boot.test.autoconfigure.restdocs.RestDocsTestExecutionListener, org.springframework.boot.test.autoconfigure.web.client.MockRestServiceServerResetTestExecutionListener, org.springframework.boot.test.autoconfigure.web.servlet.MockMvcPrintOnlyOnFailureTestExecutionListener, org.springframework.boot.test.autoconfigure.web.servlet.WebDriverTestExecutionListener, org.springframework.boot.test.mock.mockito.MockitoTestExecutionListener, org.springframework.boot.test.mock.mockito.ResetMocksTestExecutionListener, org.springframework.test.context.web.ServletTestExecutionListener, org.springframework.test.context.support.DirtiesContextBeforeModesTestExecutionListener, org.springframework.test.context.support.DependencyInjectionTestExecutionListener, org.springframework.test.context.support.DirtiesContextTestExecutionListener, org.springframework.test.context.transaction.TransactionalTestExecutionListener, org.springframework.test.context.jdbc.SqlScriptsTestExecutionListener]
2018-06-04 17:13:11.404  INFO 13448 --- [    Test worker] .b.t.c.SpringBootTestContextBootstrapper : Using TestExecutionListeners: [org.springframework.test.context.web.ServletTestExecutionListener@d513e7, org.springframework.test.context.support.DirtiesContextBeforeModesTestExecutionListener@7a484f, org.springframework.boot.test.autoconfigure.SpringBootDependencyInjectionTestExecutionListener@148a2e3, org.springframework.test.context.support.DirtiesContextTestExecutionListener@745168, org.springframework.test.context.transaction.TransactionalTestExecutionListener@1234ea, org.springframework.test.context.jdbc.SqlScriptsTestExecutionListener@523d57, org.springframework.boot.test.autoconfigure.restdocs.RestDocsTestExecutionListener@add6c4, org.springframework.boot.test.autoconfigure.web.client.MockRestServiceServerResetTestExecutionListener@d22268, org.springframework.boot.test.autoconfigure.web.servlet.MockMvcPrintOnlyOnFailureTestExecutionListener@1f8f93c, org.springframework.boot.test.autoconfigure.web.servlet.WebDriverTestExecutionListener@a7ddd1, org.springframework.boot.test.mock.mockito.MockitoTestExecutionListener@43537, org.springframework.boot.test.mock.mockito.ResetMocksTestExecutionListener@10284fd]
Hibernate: insert into companies (company_name) values (?)
Hibernate: SELECT * FROM COMPANIES
 WHERE SUBSTRING(COMPANY_NAME,1,3) = ?
Hibernate: insert into companies (company_name) values (?)
Hibernate: SELECT * FROM COMPANIES
 WHERE SUBSTRING(COMPANY_NAME,1,3) = ?
Hibernate: insert into companies (company_name) values (?)
Hibernate: SELECT * FROM COMPANIES
 WHERE SUBSTRING(COMPANY_NAME,1,3) = ?
Hibernate: select company0_.company_id as company_1_0_0_, company0_.company_name as company_2_0_0_ from companies company0_ where company0_.company_id=?
Hibernate: delete from companies where company_id=?
Hibernate: select company0_.company_id as company_1_0_0_, company0_.company_name as company_2_0_0_ from companies company0_ where company0_.company_id=?
Hibernate: delete from companies where company_id=?
Hibernate: select company0_.company_id as company_1_0_0_, company0_.company_name as company_2_0_0_ from companies company0_ where company0_.company_id=?
Hibernate: delete from companies where company_id=?
Hibernate: insert into companies (company_name) values (?)
Hibernate: insert into companies (company_name) values (?)
Hibernate: insert into companies (company_name) values (?)
Hibernate: select company0_.company_id as company_1_0_0_, company0_.company_name as company_2_0_0_ from companies company0_ where company0_.company_id=?
Hibernate: delete from companies where company_id=?
Hibernate: select company0_.company_id as company_1_0_0_, company0_.company_name as company_2_0_0_ from companies company0_ where company0_.company_id=?
Hibernate: delete from companies where company_id=?
Hibernate: select company0_.company_id as company_1_0_0_, company0_.company_name as company_2_0_0_ from companies company0_ where company0_.company_id=?
Hibernate: delete from companies where company_id=?
Hibernate: insert into employees (firstname, lastname) values (?, ?)
Hibernate: select employee0_.employee_id as employee1_1_, employee0_.firstname as firstnam2_1_, employee0_.lastname as lastname3_1_ from employees employee0_ where employee0_.lastname=?
Hibernate: insert into employees (firstname, lastname) values (?, ?)
Hibernate: select employee0_.employee_id as employee1_1_, employee0_.firstname as firstnam2_1_, employee0_.lastname as lastname3_1_ from employees employee0_ where employee0_.lastname=?
Hibernate: insert into employees (firstname, lastname) values (?, ?)
Hibernate: select employee0_.employee_id as employee1_1_, employee0_.firstname as firstnam2_1_, employee0_.lastname as lastname3_1_ from employees employee0_ where employee0_.lastname=?
Hibernate: select employee0_.employee_id as employee1_1_0_, employee0_.firstname as firstnam2_1_0_, employee0_.lastname as lastname3_1_0_ from employees employee0_ where employee0_.employee_id=?
Hibernate: delete from join_company_emplyee where employee_id=?
Hibernate: delete from employees where employee_id=?
Hibernate: select employee0_.employee_id as employee1_1_0_, employee0_.firstname as firstnam2_1_0_, employee0_.lastname as lastname3_1_0_ from employees employee0_ where employee0_.employee_id=?
Hibernate: delete from join_company_emplyee where employee_id=?
Hibernate: delete from employees where employee_id=?
Hibernate: select employee0_.employee_id as employee1_1_0_, employee0_.firstname as firstnam2_1_0_, employee0_.lastname as lastname3_1_0_ from employees employee0_ where employee0_.employee_id=?
Hibernate: delete from join_company_emplyee where employee_id=?
Hibernate: delete from employees where employee_id=?
]]></system-out>
  <system-err><![CDATA[]]></system-err>
</testsuite>
