<?xml version="1.0" encoding="UTF-8"?>
<testsuite name="com.kodilla.hibernate.manytomany.facade.ManyToManyFacadeTestSuite" tests="2" skipped="0" failures="0" errors="0" timestamp="2018-06-04T15:13:11" hostname="DESKTOP-SLNKODE" time="0.108">
  <properties/>
  <testcase name="testFindCompaniesWithPartOfName" classname="com.kodilla.hibernate.manytomany.facade.ManyToManyFacadeTestSuite" time="0.065"/>
  <testcase name="testFindEmployeesWithPartOfLastName" classname="com.kodilla.hibernate.manytomany.facade.ManyToManyFacadeTestSuite" time="0.042"/>
  <system-out><![CDATA[2018-06-04 17:13:11.503  INFO 13448 --- [    Test worker] .b.t.c.SpringBootTestContextBootstrapper : Neither @ContextConfiguration nor @ContextHierarchy found for test class [com.kodilla.hibernate.manytomany.facade.ManyToManyFacadeTestSuite], using SpringBootContextLoader
2018-06-04 17:13:11.504  INFO 13448 --- [    Test worker] o.s.t.c.support.AbstractContextLoader    : Could not detect default resource locations for test class [com.kodilla.hibernate.manytomany.facade.ManyToManyFacadeTestSuite]: no resource found for suffixes {-context.xml, Context.groovy}.
2018-06-04 17:13:11.504  INFO 13448 --- [    Test worker] t.c.s.AnnotationConfigContextLoaderUtils : Could not detect default configuration classes for test class [com.kodilla.hibernate.manytomany.facade.ManyToManyFacadeTestSuite]: ManyToManyFacadeTestSuite does not declare any static, non-private, non-final, nested classes annotated with @Configuration.
2018-06-04 17:13:11.512  INFO 13448 --- [    Test worker] .b.t.c.SpringBootTestContextBootstrapper : Found @SpringBootConfiguration com.kodilla.hibernate.KodillaHibernateApplication for test class com.kodilla.hibernate.manytomany.facade.ManyToManyFacadeTestSuite
2018-06-04 17:13:11.515  INFO 13448 --- [    Test worker] .b.t.c.SpringBootTestContextBootstrapper : Loaded default TestExecutionListener class names from location [META-INF/spring.factories]: [org.springframework.boot.test.autoconfigure.restdocs.RestDocsTestExecutionListener, org.springframework.boot.test.autoconfigure.web.client.MockRestServiceServerResetTestExecutionListener, org.springframework.boot.test.autoconfigure.web.servlet.MockMvcPrintOnlyOnFailureTestExecutionListener, org.springframework.boot.test.autoconfigure.web.servlet.WebDriverTestExecutionListener, org.springframework.boot.test.mock.mockito.MockitoTestExecutionListener, org.springframework.boot.test.mock.mockito.ResetMocksTestExecutionListener, org.springframework.test.context.web.ServletTestExecutionListener, org.springframework.test.context.support.DirtiesContextBeforeModesTestExecutionListener, org.springframework.test.context.support.DependencyInjectionTestExecutionListener, org.springframework.test.context.support.DirtiesContextTestExecutionListener, org.springframework.test.context.transaction.TransactionalTestExecutionListener, org.springframework.test.context.jdbc.SqlScriptsTestExecutionListener]
2018-06-04 17:13:11.517  INFO 13448 --- [    Test worker] .b.t.c.SpringBootTestContextBootstrapper : Using TestExecutionListeners: [org.springframework.test.context.web.ServletTestExecutionListener@e754e3, org.springframework.test.context.support.DirtiesContextBeforeModesTestExecutionListener@3f79ba, org.springframework.boot.test.autoconfigure.SpringBootDependencyInjectionTestExecutionListener@c82fc7, org.springframework.test.context.support.DirtiesContextTestExecutionListener@acffbe, org.springframework.test.context.transaction.TransactionalTestExecutionListener@8ce804, org.springframework.test.context.jdbc.SqlScriptsTestExecutionListener@19fa406, org.springframework.boot.test.autoconfigure.restdocs.RestDocsTestExecutionListener@f20ee5, org.springframework.boot.test.autoconfigure.web.client.MockRestServiceServerResetTestExecutionListener@11c400a, org.springframework.boot.test.autoconfigure.web.servlet.MockMvcPrintOnlyOnFailureTestExecutionListener@f4365, org.springframework.boot.test.autoconfigure.web.servlet.WebDriverTestExecutionListener@1474b6, org.springframework.boot.test.mock.mockito.MockitoTestExecutionListener@83dfb7, org.springframework.boot.test.mock.mockito.ResetMocksTestExecutionListener@140d93d]
Hibernate: insert into companies (company_name) values (?)
Hibernate: insert into companies (company_name) values (?)
Hibernate: insert into companies (company_name) values (?)
Hibernate: insert into companies (company_name) values (?)
Hibernate: insert into employees (firstname, lastname) values (?, ?)
Hibernate: insert into employees (firstname, lastname) values (?, ?)
Hibernate: insert into employees (firstname, lastname) values (?, ?)
Hibernate: insert into employees (firstname, lastname) values (?, ?)
Hibernate: insert into employees (firstname, lastname) values (?, ?)
Hibernate: select company0_.company_id as company_1_0_, company0_.company_name as company_2_0_ from companies company0_ where company0_.company_name like concat('%', ?, '%')
Hibernate: select company0_.company_id as company_1_0_, company0_.company_name as company_2_0_ from companies company0_
Hibernate: delete from companies where company_id=?
Hibernate: delete from companies where company_id=?
Hibernate: delete from companies where company_id=?
Hibernate: delete from companies where company_id=?
Hibernate: select employee0_.employee_id as employee1_1_, employee0_.firstname as firstnam2_1_, employee0_.lastname as lastname3_1_ from employees employee0_
Hibernate: delete from join_company_emplyee where employee_id=?
Hibernate: delete from join_company_emplyee where employee_id=?
Hibernate: delete from join_company_emplyee where employee_id=?
Hibernate: delete from join_company_emplyee where employee_id=?
Hibernate: delete from join_company_emplyee where employee_id=?
Hibernate: delete from employees where employee_id=?
Hibernate: delete from employees where employee_id=?
Hibernate: delete from employees where employee_id=?
Hibernate: delete from employees where employee_id=?
Hibernate: delete from employees where employee_id=?
Hibernate: insert into companies (company_name) values (?)
Hibernate: insert into companies (company_name) values (?)
Hibernate: insert into companies (company_name) values (?)
Hibernate: insert into companies (company_name) values (?)
Hibernate: insert into employees (firstname, lastname) values (?, ?)
Hibernate: insert into employees (firstname, lastname) values (?, ?)
Hibernate: insert into employees (firstname, lastname) values (?, ?)
Hibernate: insert into employees (firstname, lastname) values (?, ?)
Hibernate: insert into employees (firstname, lastname) values (?, ?)
Hibernate: select employee0_.employee_id as employee1_1_, employee0_.firstname as firstnam2_1_, employee0_.lastname as lastname3_1_ from employees employee0_ where employee0_.lastname like concat('%', ?, '%')
Hibernate: select company0_.company_id as company_1_0_, company0_.company_name as company_2_0_ from companies company0_
Hibernate: delete from companies where company_id=?
Hibernate: delete from companies where company_id=?
Hibernate: delete from companies where company_id=?
Hibernate: delete from companies where company_id=?
Hibernate: select employee0_.employee_id as employee1_1_, employee0_.firstname as firstnam2_1_, employee0_.lastname as lastname3_1_ from employees employee0_
Hibernate: delete from join_company_emplyee where employee_id=?
Hibernate: delete from join_company_emplyee where employee_id=?
Hibernate: delete from join_company_emplyee where employee_id=?
Hibernate: delete from join_company_emplyee where employee_id=?
Hibernate: delete from join_company_emplyee where employee_id=?
Hibernate: delete from employees where employee_id=?
Hibernate: delete from employees where employee_id=?
Hibernate: delete from employees where employee_id=?
Hibernate: delete from employees where employee_id=?
Hibernate: delete from employees where employee_id=?
]]></system-out>
  <system-err><![CDATA[]]></system-err>
</testsuite>
