<?xml version="1.0" encoding="UTF-8"?>
<testsuite name="com.kodilla.hibernate.tasklist.dao.TaskListDaoTestSuite" tests="2" skipped="0" failures="0" errors="0" timestamp="2018-06-04T15:13:11" hostname="DESKTOP-SLNKODE" time="0.033">
  <properties/>
  <testcase name="testTaskListDaoSaveWithTasks" classname="com.kodilla.hibernate.tasklist.dao.TaskListDaoTestSuite" time="0.015"/>
  <testcase name="testFindByListName" classname="com.kodilla.hibernate.tasklist.dao.TaskListDaoTestSuite" time="0.018"/>
  <system-out><![CDATA[2018-06-04 17:13:11.767  INFO 13448 --- [    Test worker] .b.t.c.SpringBootTestContextBootstrapper : Neither @ContextConfiguration nor @ContextHierarchy found for test class [com.kodilla.hibernate.tasklist.dao.TaskListDaoTestSuite], using SpringBootContextLoader
2018-06-04 17:13:11.768  INFO 13448 --- [    Test worker] o.s.t.c.support.AbstractContextLoader    : Could not detect default resource locations for test class [com.kodilla.hibernate.tasklist.dao.TaskListDaoTestSuite]: no resource found for suffixes {-context.xml, Context.groovy}.
2018-06-04 17:13:11.768  INFO 13448 --- [    Test worker] t.c.s.AnnotationConfigContextLoaderUtils : Could not detect default configuration classes for test class [com.kodilla.hibernate.tasklist.dao.TaskListDaoTestSuite]: TaskListDaoTestSuite does not declare any static, non-private, non-final, nested classes annotated with @Configuration.
2018-06-04 17:13:11.776  INFO 13448 --- [    Test worker] .b.t.c.SpringBootTestContextBootstrapper : Found @SpringBootConfiguration com.kodilla.hibernate.KodillaHibernateApplication for test class com.kodilla.hibernate.tasklist.dao.TaskListDaoTestSuite
2018-06-04 17:13:11.778  INFO 13448 --- [    Test worker] .b.t.c.SpringBootTestContextBootstrapper : Loaded default TestExecutionListener class names from location [META-INF/spring.factories]: [org.springframework.boot.test.autoconfigure.restdocs.RestDocsTestExecutionListener, org.springframework.boot.test.autoconfigure.web.client.MockRestServiceServerResetTestExecutionListener, org.springframework.boot.test.autoconfigure.web.servlet.MockMvcPrintOnlyOnFailureTestExecutionListener, org.springframework.boot.test.autoconfigure.web.servlet.WebDriverTestExecutionListener, org.springframework.boot.test.mock.mockito.MockitoTestExecutionListener, org.springframework.boot.test.mock.mockito.ResetMocksTestExecutionListener, org.springframework.test.context.web.ServletTestExecutionListener, org.springframework.test.context.support.DirtiesContextBeforeModesTestExecutionListener, org.springframework.test.context.support.DependencyInjectionTestExecutionListener, org.springframework.test.context.support.DirtiesContextTestExecutionListener, org.springframework.test.context.transaction.TransactionalTestExecutionListener, org.springframework.test.context.jdbc.SqlScriptsTestExecutionListener]
2018-06-04 17:13:11.780  INFO 13448 --- [    Test worker] .b.t.c.SpringBootTestContextBootstrapper : Using TestExecutionListeners: [org.springframework.test.context.web.ServletTestExecutionListener@1b3110, org.springframework.test.context.support.DirtiesContextBeforeModesTestExecutionListener@e5b0c, org.springframework.boot.test.autoconfigure.SpringBootDependencyInjectionTestExecutionListener@dad27e, org.springframework.test.context.support.DirtiesContextTestExecutionListener@3143e9, org.springframework.test.context.transaction.TransactionalTestExecutionListener@1096fce, org.springframework.test.context.jdbc.SqlScriptsTestExecutionListener@1d59918, org.springframework.boot.test.autoconfigure.restdocs.RestDocsTestExecutionListener@19ae8fe, org.springframework.boot.test.autoconfigure.web.client.MockRestServiceServerResetTestExecutionListener@14ad76f, org.springframework.boot.test.autoconfigure.web.servlet.MockMvcPrintOnlyOnFailureTestExecutionListener@1a9ba17, org.springframework.boot.test.autoconfigure.web.servlet.WebDriverTestExecutionListener@cde963, org.springframework.boot.test.mock.mockito.MockitoTestExecutionListener@14349c, org.springframework.boot.test.mock.mockito.ResetMocksTestExecutionListener@19e72de]
Hibernate: insert into taskslists (description, listname) values (?, ?)
Hibernate: insert into tasks_financials (paid, price) values (?, ?)
Hibernate: insert into tasks (created, description, duration, tasks_financial_id, tasklist_id) values (?, ?, ?, ?, ?)
Hibernate: insert into tasks_financials (paid, price) values (?, ?)
Hibernate: insert into tasks (created, description, duration, tasks_financial_id, tasklist_id) values (?, ?, ?, ?, ?)
Hibernate: select tasklist0_.id as id1_8_0_, tasklist0_.description as descript2_8_0_, tasklist0_.listname as listname3_8_0_ from taskslists tasklist0_ where tasklist0_.id=?
Hibernate: select tasks0_.tasklist_id as tasklist6_6_0_, tasks0_.id as id1_6_0_, tasks0_.id as id1_6_1_, tasks0_.created as created2_6_1_, tasks0_.description as descript3_6_1_, tasks0_.duration as duration4_6_1_, tasks0_.tasks_financial_id as tasks_fi5_6_1_, tasks0_.tasklist_id as tasklist6_6_1_, taskfinanc1_.id as id1_7_2_, taskfinanc1_.paid as paid2_7_2_, taskfinanc1_.price as price3_7_2_ from tasks tasks0_ left outer join tasks_financials taskfinanc1_ on tasks0_.tasks_financial_id=taskfinanc1_.id where tasks0_.tasklist_id=?
Hibernate: delete from tasks where id=?
Hibernate: delete from tasks_financials where id=?
Hibernate: delete from tasks where id=?
Hibernate: delete from tasks_financials where id=?
Hibernate: delete from taskslists where id=?
Hibernate: insert into taskslists (description, listname) values (?, ?)
Hibernate: select tasklist0_.id as id1_8_, tasklist0_.description as descript2_8_, tasklist0_.listname as listname3_8_ from taskslists tasklist0_ where tasklist0_.listname=?
Hibernate: select tasklist0_.id as id1_8_, tasklist0_.description as descript2_8_, tasklist0_.listname as listname3_8_ from taskslists tasklist0_ where tasklist0_.listname=?
Hibernate: select tasklist0_.id as id1_8_2_, tasklist0_.description as descript2_8_2_, tasklist0_.listname as listname3_8_2_, tasks1_.tasklist_id as tasklist6_6_4_, tasks1_.id as id1_6_4_, tasks1_.id as id1_6_0_, tasks1_.created as created2_6_0_, tasks1_.description as descript3_6_0_, tasks1_.duration as duration4_6_0_, tasks1_.tasks_financial_id as tasks_fi5_6_0_, tasks1_.tasklist_id as tasklist6_6_0_, taskfinanc2_.id as id1_7_1_, taskfinanc2_.paid as paid2_7_1_, taskfinanc2_.price as price3_7_1_ from taskslists tasklist0_ left outer join tasks tasks1_ on tasklist0_.id=tasks1_.tasklist_id left outer join tasks_financials taskfinanc2_ on tasks1_.tasks_financial_id=taskfinanc2_.id where tasklist0_.id=?
Hibernate: delete from taskslists where id=?
]]></system-out>
  <system-err><![CDATA[]]></system-err>
</testsuite>
