<?xml version="1.0" encoding="UTF-8"?>
<testsuite name="com.kodilla.hibernate.task.dao.TaskDaoTestSuite" tests="4" skipped="0" failures="0" errors="0" timestamp="2018-06-04T15:13:11" hostname="DESKTOP-SLNKODE" time="0.088">
  <properties/>
  <testcase name="testTaskDaoFindByDuration" classname="com.kodilla.hibernate.task.dao.TaskDaoTestSuite" time="0.018"/>
  <testcase name="testNamedQueries" classname="com.kodilla.hibernate.task.dao.TaskDaoTestSuite" time="0.045"/>
  <testcase name="testTaskDaoSave" classname="com.kodilla.hibernate.task.dao.TaskDaoTestSuite" time="0.013"/>
  <testcase name="testTaskDaoSaveWithFinancialDetails" classname="com.kodilla.hibernate.task.dao.TaskDaoTestSuite" time="0.009"/>
  <system-out><![CDATA[2018-06-04 17:13:11.629  INFO 13448 --- [    Test worker] .b.t.c.SpringBootTestContextBootstrapper : Neither @ContextConfiguration nor @ContextHierarchy found for test class [com.kodilla.hibernate.task.dao.TaskDaoTestSuite], using SpringBootContextLoader
2018-06-04 17:13:11.629  INFO 13448 --- [    Test worker] o.s.t.c.support.AbstractContextLoader    : Could not detect default resource locations for test class [com.kodilla.hibernate.task.dao.TaskDaoTestSuite]: no resource found for suffixes {-context.xml, Context.groovy}.
2018-06-04 17:13:11.630  INFO 13448 --- [    Test worker] t.c.s.AnnotationConfigContextLoaderUtils : Could not detect default configuration classes for test class [com.kodilla.hibernate.task.dao.TaskDaoTestSuite]: TaskDaoTestSuite does not declare any static, non-private, non-final, nested classes annotated with @Configuration.
2018-06-04 17:13:11.639  INFO 13448 --- [    Test worker] .b.t.c.SpringBootTestContextBootstrapper : Found @SpringBootConfiguration com.kodilla.hibernate.KodillaHibernateApplication for test class com.kodilla.hibernate.task.dao.TaskDaoTestSuite
2018-06-04 17:13:11.642  INFO 13448 --- [    Test worker] .b.t.c.SpringBootTestContextBootstrapper : Loaded default TestExecutionListener class names from location [META-INF/spring.factories]: [org.springframework.boot.test.autoconfigure.restdocs.RestDocsTestExecutionListener, org.springframework.boot.test.autoconfigure.web.client.MockRestServiceServerResetTestExecutionListener, org.springframework.boot.test.autoconfigure.web.servlet.MockMvcPrintOnlyOnFailureTestExecutionListener, org.springframework.boot.test.autoconfigure.web.servlet.WebDriverTestExecutionListener, org.springframework.boot.test.mock.mockito.MockitoTestExecutionListener, org.springframework.boot.test.mock.mockito.ResetMocksTestExecutionListener, org.springframework.test.context.web.ServletTestExecutionListener, org.springframework.test.context.support.DirtiesContextBeforeModesTestExecutionListener, org.springframework.test.context.support.DependencyInjectionTestExecutionListener, org.springframework.test.context.support.DirtiesContextTestExecutionListener, org.springframework.test.context.transaction.TransactionalTestExecutionListener, org.springframework.test.context.jdbc.SqlScriptsTestExecutionListener]
2018-06-04 17:13:11.644  INFO 13448 --- [    Test worker] .b.t.c.SpringBootTestContextBootstrapper : Using TestExecutionListeners: [org.springframework.test.context.web.ServletTestExecutionListener@eebde0, org.springframework.test.context.support.DirtiesContextBeforeModesTestExecutionListener@172f23, org.springframework.boot.test.autoconfigure.SpringBootDependencyInjectionTestExecutionListener@d12083, org.springframework.test.context.support.DirtiesContextTestExecutionListener@8489d6, org.springframework.test.context.transaction.TransactionalTestExecutionListener@1b63fdb, org.springframework.test.context.jdbc.SqlScriptsTestExecutionListener@7f6af9, org.springframework.boot.test.autoconfigure.restdocs.RestDocsTestExecutionListener@14d9f8d, org.springframework.boot.test.autoconfigure.web.client.MockRestServiceServerResetTestExecutionListener@1f1684b, org.springframework.boot.test.autoconfigure.web.servlet.MockMvcPrintOnlyOnFailureTestExecutionListener@169cd89, org.springframework.boot.test.autoconfigure.web.servlet.WebDriverTestExecutionListener@7c573f, org.springframework.boot.test.mock.mockito.MockitoTestExecutionListener@180060a, org.springframework.boot.test.mock.mockito.ResetMocksTestExecutionListener@1ef9b81]
Hibernate: insert into tasks (created, description, duration, tasks_financial_id, tasklist_id) values (?, ?, ?, ?, ?)
Hibernate: select task0_.id as id1_6_, task0_.created as created2_6_, task0_.description as descript3_6_, task0_.duration as duration4_6_, task0_.tasks_financial_id as tasks_fi5_6_, task0_.tasklist_id as tasklist6_6_ from tasks task0_ where task0_.duration=?
Hibernate: select task0_.id as id1_6_0_, task0_.created as created2_6_0_, task0_.description as descript3_6_0_, task0_.duration as duration4_6_0_, task0_.tasks_financial_id as tasks_fi5_6_0_, task0_.tasklist_id as tasklist6_6_0_, taskfinanc1_.id as id1_7_1_, taskfinanc1_.paid as paid2_7_1_, taskfinanc1_.price as price3_7_1_, tasklist2_.id as id1_8_2_, tasklist2_.description as descript2_8_2_, tasklist2_.listname as listname3_8_2_ from tasks task0_ left outer join tasks_financials taskfinanc1_ on task0_.tasks_financial_id=taskfinanc1_.id left outer join taskslists tasklist2_ on task0_.tasklist_id=tasklist2_.id where task0_.id=?
Hibernate: delete from tasks where id=?
Hibernate: insert into taskslists (description, listname) values (?, ?)
Hibernate: insert into tasks_financials (paid, price) values (?, ?)
Hibernate: insert into tasks (created, description, duration, tasks_financial_id, tasklist_id) values (?, ?, ?, ?, ?)
Hibernate: insert into tasks_financials (paid, price) values (?, ?)
Hibernate: insert into tasks (created, description, duration, tasks_financial_id, tasklist_id) values (?, ?, ?, ?, ?)
Hibernate: insert into tasks_financials (paid, price) values (?, ?)
Hibernate: insert into tasks (created, description, duration, tasks_financial_id, tasklist_id) values (?, ?, ?, ?, ?)
Hibernate: insert into tasks_financials (paid, price) values (?, ?)
Hibernate: insert into tasks (created, description, duration, tasks_financial_id, tasklist_id) values (?, ?, ?, ?, ?)
Hibernate: select task0_.id as id1_6_, task0_.created as created2_6_, task0_.description as descript3_6_, task0_.duration as duration4_6_, task0_.tasks_financial_id as tasks_fi5_6_, task0_.tasklist_id as tasklist6_6_ from tasks task0_ where task0_.duration>10
Hibernate: select taskfinanc0_.id as id1_7_0_, taskfinanc0_.paid as paid2_7_0_, taskfinanc0_.price as price3_7_0_ from tasks_financials taskfinanc0_ where taskfinanc0_.id=?
Hibernate: select tasklist0_.id as id1_8_0_, tasklist0_.description as descript2_8_0_, tasklist0_.listname as listname3_8_0_ from taskslists tasklist0_ where tasklist0_.id=?
Hibernate: select task0_.id as id1_6_, task0_.created as created2_6_, task0_.description as descript3_6_, task0_.duration as duration4_6_, task0_.tasks_financial_id as tasks_fi5_6_, task0_.tasklist_id as tasklist6_6_ from tasks task0_ where task0_.duration<=10
Hibernate: select taskfinanc0_.id as id1_7_0_, taskfinanc0_.paid as paid2_7_0_, taskfinanc0_.price as price3_7_0_ from tasks_financials taskfinanc0_ where taskfinanc0_.id=?
Hibernate: select tasklist0_.id as id1_8_0_, tasklist0_.description as descript2_8_0_, tasklist0_.listname as listname3_8_0_ from taskslists tasklist0_ where tasklist0_.id=?
Hibernate: select taskfinanc0_.id as id1_7_0_, taskfinanc0_.paid as paid2_7_0_, taskfinanc0_.price as price3_7_0_ from tasks_financials taskfinanc0_ where taskfinanc0_.id=?
Hibernate: select taskfinanc0_.id as id1_7_0_, taskfinanc0_.paid as paid2_7_0_, taskfinanc0_.price as price3_7_0_ from tasks_financials taskfinanc0_ where taskfinanc0_.id=?
Hibernate: SELECT * FROM TASKS WHERE DATEDIFF(DATE_ADD(CREATED, INTERVAL DURATION DAY), NOW()) > 5
Hibernate: select taskfinanc0_.id as id1_7_0_, taskfinanc0_.paid as paid2_7_0_, taskfinanc0_.price as price3_7_0_ from tasks_financials taskfinanc0_ where taskfinanc0_.id=?
Hibernate: select tasklist0_.id as id1_8_0_, tasklist0_.description as descript2_8_0_, tasklist0_.listname as listname3_8_0_ from taskslists tasklist0_ where tasklist0_.id=?
Hibernate: select taskfinanc0_.id as id1_7_0_, taskfinanc0_.paid as paid2_7_0_, taskfinanc0_.price as price3_7_0_ from tasks_financials taskfinanc0_ where taskfinanc0_.id=?
Hibernate: select taskfinanc0_.id as id1_7_0_, taskfinanc0_.paid as paid2_7_0_, taskfinanc0_.price as price3_7_0_ from tasks_financials taskfinanc0_ where taskfinanc0_.id=?
Hibernate: select task0_.id as id1_6_, task0_.created as created2_6_, task0_.description as descript3_6_, task0_.duration as duration4_6_, task0_.tasks_financial_id as tasks_fi5_6_, task0_.tasklist_id as tasklist6_6_ from tasks task0_ where task0_.duration>?
Hibernate: select taskfinanc0_.id as id1_7_0_, taskfinanc0_.paid as paid2_7_0_, taskfinanc0_.price as price3_7_0_ from tasks_financials taskfinanc0_ where taskfinanc0_.id=?
Hibernate: select tasklist0_.id as id1_8_0_, tasklist0_.description as descript2_8_0_, tasklist0_.listname as listname3_8_0_ from taskslists tasklist0_ where tasklist0_.id=?
Hibernate: select taskfinanc0_.id as id1_7_0_, taskfinanc0_.paid as paid2_7_0_, taskfinanc0_.price as price3_7_0_ from tasks_financials taskfinanc0_ where taskfinanc0_.id=?
Hibernate: select tasklist0_.id as id1_8_0_, tasklist0_.description as descript2_8_0_, tasklist0_.listname as listname3_8_0_ from taskslists tasklist0_ where tasklist0_.id=?
Hibernate: select tasks0_.tasklist_id as tasklist6_6_0_, tasks0_.id as id1_6_0_, tasks0_.id as id1_6_1_, tasks0_.created as created2_6_1_, tasks0_.description as descript3_6_1_, tasks0_.duration as duration4_6_1_, tasks0_.tasks_financial_id as tasks_fi5_6_1_, tasks0_.tasklist_id as tasklist6_6_1_, taskfinanc1_.id as id1_7_2_, taskfinanc1_.paid as paid2_7_2_, taskfinanc1_.price as price3_7_2_ from tasks tasks0_ left outer join tasks_financials taskfinanc1_ on tasks0_.tasks_financial_id=taskfinanc1_.id where tasks0_.tasklist_id=?
Hibernate: delete from tasks where id=?
Hibernate: delete from tasks_financials where id=?
Hibernate: delete from tasks where id=?
Hibernate: delete from tasks_financials where id=?
Hibernate: delete from tasks where id=?
Hibernate: delete from tasks_financials where id=?
Hibernate: delete from tasks where id=?
Hibernate: delete from tasks_financials where id=?
Hibernate: delete from taskslists where id=?
Hibernate: insert into tasks (created, description, duration, tasks_financial_id, tasklist_id) values (?, ?, ?, ?, ?)
Hibernate: select task0_.id as id1_6_0_, task0_.created as created2_6_0_, task0_.description as descript3_6_0_, task0_.duration as duration4_6_0_, task0_.tasks_financial_id as tasks_fi5_6_0_, task0_.tasklist_id as tasklist6_6_0_, taskfinanc1_.id as id1_7_1_, taskfinanc1_.paid as paid2_7_1_, taskfinanc1_.price as price3_7_1_, tasklist2_.id as id1_8_2_, tasklist2_.description as descript2_8_2_, tasklist2_.listname as listname3_8_2_ from tasks task0_ left outer join tasks_financials taskfinanc1_ on task0_.tasks_financial_id=taskfinanc1_.id left outer join taskslists tasklist2_ on task0_.tasklist_id=tasklist2_.id where task0_.id=?
Hibernate: select task0_.id as id1_6_0_, task0_.created as created2_6_0_, task0_.description as descript3_6_0_, task0_.duration as duration4_6_0_, task0_.tasks_financial_id as tasks_fi5_6_0_, task0_.tasklist_id as tasklist6_6_0_, taskfinanc1_.id as id1_7_1_, taskfinanc1_.paid as paid2_7_1_, taskfinanc1_.price as price3_7_1_, tasklist2_.id as id1_8_2_, tasklist2_.description as descript2_8_2_, tasklist2_.listname as listname3_8_2_ from tasks task0_ left outer join tasks_financials taskfinanc1_ on task0_.tasks_financial_id=taskfinanc1_.id left outer join taskslists tasklist2_ on task0_.tasklist_id=tasklist2_.id where task0_.id=?
Hibernate: delete from tasks where id=?
Hibernate: insert into tasks_financials (paid, price) values (?, ?)
Hibernate: insert into tasks (created, description, duration, tasks_financial_id, tasklist_id) values (?, ?, ?, ?, ?)
Hibernate: select task0_.id as id1_6_0_, task0_.created as created2_6_0_, task0_.description as descript3_6_0_, task0_.duration as duration4_6_0_, task0_.tasks_financial_id as tasks_fi5_6_0_, task0_.tasklist_id as tasklist6_6_0_, taskfinanc1_.id as id1_7_1_, taskfinanc1_.paid as paid2_7_1_, taskfinanc1_.price as price3_7_1_, tasklist2_.id as id1_8_2_, tasklist2_.description as descript2_8_2_, tasklist2_.listname as listname3_8_2_ from tasks task0_ left outer join tasks_financials taskfinanc1_ on task0_.tasks_financial_id=taskfinanc1_.id left outer join taskslists tasklist2_ on task0_.tasklist_id=tasklist2_.id where task0_.id=?
Hibernate: delete from tasks where id=?
Hibernate: delete from tasks_financials where id=?
]]></system-out>
  <system-err><![CDATA[]]></system-err>
</testsuite>
