<?xml version="1.0" encoding="UTF-8"?>
<testsuite name="com.kodilla.hibernate.task.dao.TaskFinancialDetailsDaoTestSuite" tests="1" skipped="0" failures="0" errors="0" timestamp="2018-06-04T15:13:11" hostname="DESKTOP-SLNKODE" time="0.015">
  <properties/>
  <testcase name="testFindByPaid" classname="com.kodilla.hibernate.task.dao.TaskFinancialDetailsDaoTestSuite" time="0.015"/>
  <system-out><![CDATA[2018-06-04 17:13:11.736  INFO 13448 --- [    Test worker] .b.t.c.SpringBootTestContextBootstrapper : Neither @ContextConfiguration nor @ContextHierarchy found for test class [com.kodilla.hibernate.task.dao.TaskFinancialDetailsDaoTestSuite], using SpringBootContextLoader
2018-06-04 17:13:11.736  INFO 13448 --- [    Test worker] o.s.t.c.support.AbstractContextLoader    : Could not detect default resource locations for test class [com.kodilla.hibernate.task.dao.TaskFinancialDetailsDaoTestSuite]: no resource found for suffixes {-context.xml, Context.groovy}.
2018-06-04 17:13:11.736  INFO 13448 --- [    Test worker] t.c.s.AnnotationConfigContextLoaderUtils : Could not detect default configuration classes for test class [com.kodilla.hibernate.task.dao.TaskFinancialDetailsDaoTestSuite]: TaskFinancialDetailsDaoTestSuite does not declare any static, non-private, non-final, nested classes annotated with @Configuration.
2018-06-04 17:13:11.739  INFO 13448 --- [    Test worker] .b.t.c.SpringBootTestContextBootstrapper : Found @SpringBootConfiguration com.kodilla.hibernate.KodillaHibernateApplication for test class com.kodilla.hibernate.task.dao.TaskFinancialDetailsDaoTestSuite
2018-06-04 17:13:11.741  INFO 13448 --- [    Test worker] .b.t.c.SpringBootTestContextBootstrapper : Loaded default TestExecutionListener class names from location [META-INF/spring.factories]: [org.springframework.boot.test.autoconfigure.restdocs.RestDocsTestExecutionListener, org.springframework.boot.test.autoconfigure.web.client.MockRestServiceServerResetTestExecutionListener, org.springframework.boot.test.autoconfigure.web.servlet.MockMvcPrintOnlyOnFailureTestExecutionListener, org.springframework.boot.test.autoconfigure.web.servlet.WebDriverTestExecutionListener, org.springframework.boot.test.mock.mockito.MockitoTestExecutionListener, org.springframework.boot.test.mock.mockito.ResetMocksTestExecutionListener, org.springframework.test.context.web.ServletTestExecutionListener, org.springframework.test.context.support.DirtiesContextBeforeModesTestExecutionListener, org.springframework.test.context.support.DependencyInjectionTestExecutionListener, org.springframework.test.context.support.DirtiesContextTestExecutionListener, org.springframework.test.context.transaction.TransactionalTestExecutionListener, org.springframework.test.context.jdbc.SqlScriptsTestExecutionListener]
2018-06-04 17:13:11.748  INFO 13448 --- [    Test worker] .b.t.c.SpringBootTestContextBootstrapper : Using TestExecutionListeners: [org.springframework.test.context.web.ServletTestExecutionListener@535d6, org.springframework.test.context.support.DirtiesContextBeforeModesTestExecutionListener@faafef, org.springframework.boot.test.autoconfigure.SpringBootDependencyInjectionTestExecutionListener@1aed451, org.springframework.test.context.support.DirtiesContextTestExecutionListener@112c40b, org.springframework.test.context.transaction.TransactionalTestExecutionListener@2ce1ba, org.springframework.test.context.jdbc.SqlScriptsTestExecutionListener@132aac7, org.springframework.boot.test.autoconfigure.restdocs.RestDocsTestExecutionListener@dbf0ec, org.springframework.boot.test.autoconfigure.web.client.MockRestServiceServerResetTestExecutionListener@12048e0, org.springframework.boot.test.autoconfigure.web.servlet.MockMvcPrintOnlyOnFailureTestExecutionListener@ac57cf, org.springframework.boot.test.autoconfigure.web.servlet.WebDriverTestExecutionListener@cbb8f, org.springframework.boot.test.mock.mockito.MockitoTestExecutionListener@13b7572, org.springframework.boot.test.mock.mockito.ResetMocksTestExecutionListener@23553d]
Hibernate: insert into tasks_financials (paid, price) values (?, ?)
Hibernate: select taskfinanc0_.id as id1_7_, taskfinanc0_.paid as paid2_7_, taskfinanc0_.price as price3_7_ from tasks_financials taskfinanc0_ where taskfinanc0_.paid=?
Hibernate: select taskfinanc0_.id as id1_7_0_, taskfinanc0_.paid as paid2_7_0_, taskfinanc0_.price as price3_7_0_ from tasks_financials taskfinanc0_ where taskfinanc0_.id=?
Hibernate: delete from tasks_financials where id=?
]]></system-out>
  <system-err><![CDATA[]]></system-err>
</testsuite>
